<?xml version="1.0" encoding="UTF-8"?>
<testng-results ignored="0" total="1" passed="1" failed="0" skipped="0">
  <reporter-output>
  </reporter-output>
  <suite started-at="2021-06-17T17:50:51Z" name="Default suite" finished-at="2021-06-17T17:50:51Z" duration-ms="50">
    <groups>
    </groups>
    <test started-at="2021-06-17T17:50:51Z" name="Default test" finished-at="2021-06-17T17:50:51Z" duration-ms="50">
      <class name="Autodesk.AutodeskSample">
        <test-method signature="sampleTest()[pri:0, instance:Autodesk.AutodeskSample@1672fe87]" started-at="2021-06-17T17:50:51Z" name="sampleTest" finished-at="2021-06-17T17:50:51Z" duration-ms="12" status="PASS">
          <reporter-output>
          </reporter-output>
        </test-method> <!-- sampleTest -->
      </class> <!-- Autodesk.AutodeskSample -->
    </test> <!-- Default test -->
  </suite> <!-- Default suite -->
</testng-results>
